<?xml version="1.0" encoding="UTF-8"?>
<testng-results skipped="0" failed="0" ignored="0" total="1" passed="1">
  <reporter-output>
  </reporter-output>
  <suite name="Practice Suite" duration-ms="78153" started-at="2023-10-10T06:39:38Z" finished-at="2023-10-10T06:40:56Z">
    <groups>
    </groups>
    <test name="Test Basics 1" duration-ms="78153" started-at="2023-10-10T06:39:38Z" finished-at="2023-10-10T06:40:56Z">
      <class name="com.dev.gitEclipse.gitEclipse.App">
        <test-method status="PASS" signature="Login()[pri:1, instance:com.dev.gitEclipse.gitEclipse.App@68be2bc2]" name="Login" duration-ms="78113" started-at="2023-10-10T06:39:38Z" finished-at="2023-10-10T06:40:56Z">
          <reporter-output>
          </reporter-output>
        </test-method> <!-- Login -->
      </class> <!-- com.dev.gitEclipse.gitEclipse.App -->
    </test> <!-- Test Basics 1 -->
  </suite> <!-- Practice Suite -->
</testng-results>
